Initialized VirtualGrasp SDK 0.10.1 (core 0.7.1).[VirtualGrasp] Register rig and mesh for Rhand.001 with 49 bones.
Initializing avatar #1 as instance of template #0[VG] [2022-03-20 16:00:05.427] [Scene] [info] Registered avatar mesh with 49 bones, 8334 vertices and 14992 triangles.
[VirtualGrasp] Register 32 skinned meshes for avatar Rhand.001, ID:  1[VG] [2022-03-20 16:00:05.505] [HandMetaData] [info] Saved debug avatar file Assets/vg_tmp/humanoid_hand_1269503502.bin
[VirtualGrasp] Initializing sensors: EXTERNAL_CONTROLLER/NO_CONTROLLERLoading graspdb C:/Users/dilme/Code/VirtualGraspSDKDemos/Assets/StreamingAssets\VG_Grasps\grasps.db[VG] [2022-03-20 16:00:05.530] [VirtualGrasp-selection] [info] Saved debug mesh file: assets/vg_tmp/cylinder_677297386.obj.
[VG] [2022-03-20 16:00:05.534] [VirtualGrasp-selection] [info] Saved debug mesh file: assets/vg_tmp/cylinder_677297386.obj.
[VG] [2022-03-20 16:00:05.536] [VirtualGrasp-selection] [info] Saved debug mesh file: assets/vg_tmp/cylinder_677297386.obj.
[VG] [2022-03-20 16:00:05.539] [VirtualGrasp-selection] [info] Saved debug mesh file: assets/vg_tmp/cylinder_677297386.obj.
[VG] [2022-03-20 16:00:05.542] [VirtualGrasp-selection] [info] Saved debug mesh file: assets/vg_tmp/cylinder_677297386.obj.
[VG] [2022-03-20 16:00:05.552] [VirtualGrasp-selection] [info] Saved debug mesh file: assets/vg_tmp/firstaid_2606189051.obj.
[VG] [2022-03-20 16:00:05.562] [VirtualGrasp-selection] [info] Saved debug mesh file: assets/vg_tmp/cannedfood_3487517182.obj.
[VG] [2022-03-20 16:00:05.574] [VirtualGrasp-selection] [info] Saved debug mesh file: assets/vg_tmp/cannedfood_3487517182.obj.
[VG] [2022-03-20 16:00:05.577] [VirtualGrasp-selection] [info] Saved debug mesh file: assets/vg_tmp/cylinder_3861050288.obj.
[VG] [2022-03-20 16:00:05.587] [VirtualGrasp-selection] [info] Saved debug mesh file: assets/vg_tmp/tape_2109703936.obj.
[VG] [2022-03-20 16:00:05.589] [VirtualGrasp-selection] [info] Saved debug mesh file: assets/vg_tmp/cylinder_4194283348.obj.
[VG] [2022-03-20 16:00:05.591] [VirtualGrasp-selection] [info] Saved debug mesh file: assets/vg_tmp/cylinder_677297386.obj.
[VG] [2022-03-20 16:00:05.601] [VirtualGrasp-selection] [info] Saved debug mesh file: assets/vg_tmp/cannedfood_3487517182.obj.
[VG] [2022-03-20 16:00:05.612] [VirtualGrasp-selection] [info] Saved debug mesh file: assets/vg_tmp/cannedfood_3487517182.obj.
[VG] [2022-03-20 16:00:05.623] [VirtualGrasp-selection] [info] Saved debug mesh file: assets/vg_tmp/battery_1632010339.obj.
[VG] [2022-03-20 16:00:05.634] [VirtualGrasp-selection] [info] Saved debug mesh file: assets/vg_tmp/cannedfood_3487517182.obj.
[VG] [2022-03-20 16:00:05.636] [VirtualGrasp-selection] [info] Saved debug mesh file: assets/vg_tmp/cylinder_1889076218.obj.
[VG] [2022-03-20 16:00:05.655] [VirtualGrasp-selection] [info] Saved debug mesh file: assets/vg_tmp/waterbottle_3901159506.obj.
[VG] [2022-03-20 16:00:05.666] [VirtualGrasp-selection] [info] Saved debug mesh file: assets/vg_tmp/cannedfood_3487517182.obj.
[VG] [2022-03-20 16:00:05.677] [VirtualGrasp-selection] [info] Saved debug mesh file: assets/vg_tmp/cannedfood_3487517182.obj.
[VG] [2022-03-20 16:00:05.679] [VirtualGrasp-selection] [info] Saved debug mesh file: assets/vg_tmp/cylinder_3861050288.obj.
[VG] [2022-03-20 16:00:05.700] [VirtualGrasp-selection] [info] Saved debug mesh file: assets/vg_tmp/flashlight_2257427956.obj.
[VG] [2022-03-20 16:00:05.711] [VirtualGrasp-selection] [info] Saved debug mesh file: assets/vg_tmp/battery_1632010339.obj.
[VG] [2022-03-20 16:00:05.721] [VirtualGrasp-selection] [info] Saved debug mesh file: assets/vg_tmp/cannedfood_3487517182.obj.
[VG] [2022-03-20 16:00:05.730] [VirtualGrasp-selection] [info] Saved debug mesh file: assets/vg_tmp/pills_1232395120.obj.
[VG] [2022-03-20 16:00:05.741] [VirtualGrasp-selection] [info] Saved debug mesh file: assets/vg_tmp/battery_1632010339.obj.
[VG] [2022-03-20 16:00:05.752] [VirtualGrasp-selection] [info] Saved debug mesh file: assets/vg_tmp/battery_1632010339.obj.
[VG] [2022-03-20 16:00:05.754] [VirtualGrasp-selection] [info] Saved debug mesh file: assets/vg_tmp/cylinder_1889076218.obj.
[VG] [2022-03-20 16:00:05.768] [VirtualGrasp-selection] [info] Saved debug mesh file: assets/vg_tmp/cannedfood_3487517182.obj.
[VG] [2022-03-20 16:00:05.783] [VirtualGrasp-selection] [info] Saved debug mesh file: assets/vg_tmp/cannedfood_3487517182.obj.
[VG] [2022-03-20 16:00:05.797] [VirtualGrasp-selection] [info] Saved debug mesh file: assets/vg_tmp/cannedfood_3487517182.obj.
[VG] [2022-03-20 16:00:05.821] [VirtualGrasp-selection] [info] Saved debug mesh file: assets/vg_tmp/flashlight_2257427956.obj.
[VG] [2022-03-20 16:00:05.830] [VirtualGrasp-selection] [info] Saved debug mesh file: assets/vg_tmp/pills_1232395120.obj.
[VG] [2022-03-20 16:00:05.841] [VirtualGrasp-selection] [info] Saved debug mesh file: assets/vg_tmp/cannedfood_3487517182.obj.
[VG] [2022-03-20 16:00:05.886] [VirtualGrasp-selection] [info] Saved debug mesh file: assets/vg_tmp/walkie_968160876.obj.
[VG] [2022-03-20 16:00:05.898] [VirtualGrasp-selection] [info] Saved debug mesh file: assets/vg_tmp/cannedfood_3487517182.obj.
[VG] [2022-03-20 16:00:05.901] [VirtualGrasp-selection] [info] Saved debug mesh file: assets/vg_tmp/cylinder_4194283348.obj.
[VG] [2022-03-20 16:00:05.912] [VirtualGrasp-selection] [info] Saved debug mesh file: assets/vg_tmp/oxygen_2647579521.obj.
[VG] [2022-03-20 16:00:05.921] [VirtualGrasp-selection] [info] Saved debug mesh file: assets/vg_tmp/medicine_668758900.obj.
[VG] [2022-03-20 16:00:05.929] [VirtualGrasp-selection] [info] Saved debug mesh file: assets/vg_tmp/hammer_2880690903.obj.
[VG] [2022-03-20 16:00:05.942] [VirtualGrasp-selection] [info] Saved debug mesh file: assets/vg_tmp/multitool_3310009594.obj.
[VG] [2022-03-20 16:00:05.948] [SelectableScene] [warning] Object oxygen/56064 is not baked, so switch to sticky hand from TRIGGER_GRASP
[VG] [2022-03-20 16:00:05.948] [SelectableScene] [warning] Object medicine/56072 is not baked, so switch to sticky hand from TRIGGER_GRASP
[VG] [2022-03-20 16:00:05.949] [SelectableScene] [warning] Object hammer/56088 is not baked, so switch to sticky hand from TRIGGER_GRASP
[VG] [2022-03-20 16:00:05.949] [SelectableScene] [warning] Object multitool/56106 is not baked, so switch to sticky hand from TRIGGER_GRASP
[VG] [2022-03-20 16:00:16.250] [GraspSelector] [info] Save grasp database C:/Users/dilme/Code/VirtualGraspSDKDemos/Assets/StreamingAssets\VG_Grasps\grasps.db.
[VG] [2022-03-20 16:00:16.256] [SelectableScene] [info] Successfully saved scene setup to Assets/vg_tmp/VirtualGraspDemos.scn!
[VG] [2022-03-20 16:00:16.258] [SelectableScene] [info] Successfully saved object rig to Assets/vg_tmp/VirtualGraspDemos.scn.objrig!
